 [WARNING] IN CRDER1              TAB characters found on input line will be processed as blanks.
 Users should try to avoid using hidden characters in input deck.

 Original input line: TFU=900 TCO=300 TMO=300   		*Statepoint parameters
 After processing   : TFU=900 TCO=300 TMO=300     *Statepoint parameters
 Users should try to avoid using hidden characters in input deck.

 Original input line: FUE 1 10.0/4.0            		*Fuel density/enrichment
 After processing   : FUE 1 10.0/4.0              *Fuel density/enrichment
 Users should try to avoid using hidden characters in input deck.

 Original input line: PIC 0.0866666666667,0.095,0.152,0.710766/'fuel','Air','CAN','BOX'            	*Pin cell radii
 After processing   : PIC 0.0866666666667,0.095,0.152,0.710766/'fuel','Air','CAN','BOX'             *Pin cell radii
 Users should try to avoid using hidden characters in input deck.

 Original input line: STA                      		*Start execution
 After processing   : STA                        *Start execution
 Users should try to avoid using hidden characters in input deck.

 Original input line: END                       		*End of input
 After processing   : END                         *End of input
1_______________________________________________________________________________________________________________________________
 * C A S M O - 4E 1.00.02 REV:00 CREATED:2012/05/08 **STUDSVIK** EXECUTED:2018/02/26 16:22:40 STATEPOINT =      0 PAGE =       1  

 This source code includes the following optional modules:
      1 - CASMO-4E (CASMO-4 Extended Version).
      2 - MxN extended multi-assembly module present.
      3 - Hexagonal module present.
      4 - CLU/AGR module present.
      5 - PSC Tiff/PostScript capability active.
      6 - Azimuthal depletion model present.
      7 - FSS/FSC model present.
      8 - Extra cards present.
      9 - Pn higher order scattering model present.
     10 - DIA Rotated water hole model present.
     11 - CCR Extended C.R. model present.

       LIST OF USER FILES
       ******************
 EXECUTABLE FILE               /share/apps/studsvik/libexec/studsvik/casmo4e/casmo4e-u1.00.02/casmo4e.exe
 NEUTRON DATA LIBRARY FILE     /share/apps/studsvik/lib/studsvik/casmo4e/e60200
 GAMMA DATA LIBRARY FILE       /share/apps/studsvik/lib/studsvik/casmo4e/galb418
 INPUT FILE                    input_11.txt
 OUTPUT LIST FILE              ./input_11.txt.out
 CARD IMAGE FILE (SEG1)        ./input_11.txt.cax

       LIST OF CASMO-4E INPUT CARDS (120 COLS MAX.)
       ********************************************


                1         2         3         4         5         6         7         8         9         0         1         2
       123456789012345678901234567890123456789012345678901234567890123456789012345678901234567890123456789012345678901234567890
       TTL *Four Factors
       TFU=900 TCO=300 TMO=300     *Statepoint parameters
       FUE 1 10.0/4.0              *Fuel density/enrichment
       PIC 0.0866666666667,0.095,0.152,0.710766/'FUEL','AIR','CAN','BOX'             *Pin cell radii
       STA                        *Start execution
       END                         *End of input

       LIST OF CASMO-4E INPUT CARDS COMPLETE

1_______________________________________________________________________________________________________________________________
 * C A S M O - 4E 1.00.02 REV:00 CREATED:2012/05/08 **STUDSVIK** EXECUTED:2018/02/26 16:22:40 STATEPOINT =      1 PAGE =       2  
 * 
 * BURNUP =     0.000                                                                                 
 TTL *Four Factors                                                                                                         INPUT
 TFU=900 TCO=300 TMO=300     *Statepoint parameters                                                                        INPUT
 FUE 1 10.0/4.0              *Fuel density/enrichment                                                                      INPUT
 PIN 1                                                                                                                     INPUT
  0.08667 0.09500 0.15200/                                                                                                 INPUT
   'FUE'  'AIR'  'CAN'/                                                                                                    INPUT
       1      1      1/                                                                                                    INPUT
 PWR 2     1.2598,,,,,,8                                                                                                   INPUT
 * PIC translated data                                                                                                     INPUT
 STA                        *Start execution                                                                               INPUT
 [WARNING] IN EDTFTD              Non-default neutron data library is attached.

     1 WARNING(S) FOUND.

 EXECUTION CONTINUED.
1_______________________________________________________________________________________________________________________________
 * C A S M O - 4E 1.00.02 REV:00 CREATED:2012/05/08 **STUDSVIK** EXECUTED:2018/02/26 16:22:40 STATEPOINT =      1 PAGE =       3  
 * Four Factors
 * BURNUP =     0.000 V= 0.0  TF= 900.0  TM= 300.0  BOR=   0.0                                        

 FILE TRAIL DATA    
 ***************
  EXECUTION     CASMO-4E  1.00.02  2012/05/08  2018/02/26  16:22:40    SSP       P        
  NEUTRON DATA  4002      40314  70
            E6LIB, UPDATE D, VERSION=E6.02.00-040314                                        
                CASLIB       4.02  04/03/14    04/03/12    13:45:59    WINDOWS-NT
  GAMMA DATA       4  85/10/21   18
             GAMLIB, UPDATE A, 18 GROUPS                                                    
                CASLIB       1.50  94/09/29    95/10/18    16:25:57    SUN-IPC   

 INPUT ECHO
 **********
 COMP   DENSITY TH.EXP.     TEMP   WEIGHT   TOT WT%  NUCLIDE WT%
        (G/CM3) COEFF.       (K)   (G/CM)
 SPA     6.549   7.000E-06  300.0    0.000  100.000  Zr-2  = 1.00000E+02
 COO     0.997   0.000E+00  300.0    6.038  100.000  H     = 1.11900E+01  O     = 8.88100E+01  B     = 0.00000E+00
 MOD     0.997   0.000E+00  300.0    0.000  100.000  H     = 1.11900E+01  O     = 8.88100E+01  B     = 0.00000E+00
 AIR     0.001   0.000E+00  300.0    0.000  100.000  O     = 1.00000E+02
 CAN     6.539   7.000E-06  372.0    1.158  100.000  Zr-2  = 1.00000E+02
 BOX     6.549   7.000E-06  300.0    0.000  100.000  Zr-2  = 1.00000E+02
 CRA     1.760   0.000E+00  300.0    0.000  100.000  B     = 7.82600E+01  C     = 2.17400E+01
 CRS     7.897   1.800E-05  300.0    0.000  100.000  SS    = 1.00000E+02
 CRC     7.897   1.800E-05  300.0    0.000  100.000  SS    = 1.00000E+02
 AIC    10.155   2.250E-05  300.0    0.000  100.000  Ag-107= 4.10880E+01  Ag-109= 3.89120E+01  In-113= 6.31500E-01
                                                     In-115= 1.43685E+01  Cd-106= 5.88850E-02  Cd-108= 4.27150E-02
                                                     Cd-110= 6.10565E-01  Cd-111= 6.31420E-01  Cd-112= 1.20104E+00
                                                     Cd-113= 6.13680E-01  Cd-114= 1.45556E+00  Cd-116= 3.86140E-01
 B4C     1.760   0.000E+00  300.0    0.000  100.000  B     = 7.82600E+01  C     = 2.17400E+01
 HAF    13.078   6.100E-06  300.0    0.000  100.016  Hf-174= 1.66000E-01  Hf-176= 5.13000E+00  Hf-177= 1.83500E+01
                                                     Hf-178= 2.71300E+01  Hf-179= 1.38400E+01  Hf-180= 3.54000E+01
 CSS     7.897   1.800E-05  300.0    0.000  100.000  SS    = 1.00000E+02
 BP1     2.260   3.300E-06  300.0    0.000  100.000  O     = 5.48100E+01  Si    = 3.78700E+01  B-10  = 7.10000E-01
                                                     Al    = 3.44000E+00  B-11  = 3.17000E+00
 BP2     3.650   4.500E-06  300.0    0.000   97.220  C     = 7.70000E-01  O     = 4.54000E+01  Al    = 5.10500E+01
 BP3     6.099   7.000E-06  300.0    0.000   80.000  Zr-2  = 8.00000E+01
 BP4     7.897   1.800E-05  300.0    0.000  100.000  SS    = 9.96200E+01  B-10  = 7.00000E-02  B-11  = 3.10000E-01
 CCT     2.399   1.000E-05  300.0    0.000  100.000  H     = 5.00000E-01  O     = 5.00000E+01  Al    = 8.00000E+00
                                                     Si    = 3.95000E+01  Fe    = 2.00000E+00
 FUE  1  9.802   1.100E-05  900.0    0.938  100.000  U-235 = 3.52604E+00  U-234 = 2.82083E-02  U-238 = 8.45967E+01
                                                     O     = 1.18491E+01

 DENSITY FOR SPACER MATERIAL . . . . . . =  6.54904
 VOID PERCENTS IN WIDE AND NARROW GAP. . =  0.0  0.0
 NUMBER OF INTERNAL COMPOSITIONS DEFINED =    6
 REACTOR PRESSURE (IN PASCAL). . . . . . =  1.00000E+05
                  (IN PSI) . . . . . . . =  1.45040E+01
 NUCLIDES TREATED AS RESONANCE ABSORBERS = U-235  U-236  U-238  Pu-239 Pu-240 Pu-241 Pu-242 Er-167 
                                           Gd-155 Gd-156 Gd-157 Gd-158 Th-232 U-233  U-234  Gd155F 
                                           Eu-153 Am-241 Am242m Gd156F Gd157F Gd158F Th-230 
                                           Hf-176 Hf-177 Hf-178 Hf-179 Hf-180 Ag-107 Ag-109 In-115 
                                           Rh-103 
 DEFAULT RADIAL DISTRIBUTION OF U-238 RESONANCE INTEGRAL
1_______________________________________________________________________________________________________________________________
 * C A S M O - 4E 1.00.02 REV:00 CREATED:2012/05/08 **STUDSVIK** EXECUTED:2018/02/26 16:22:40 STATEPOINT =      1 PAGE =       4  
 * Four Factors
 * BURNUP =     0.000 V= 0.0  TF= 900.0  TM= 300.0  BOR=   0.0                                        

         GEOMETRY SPECIFICATION        

 NUMBER OF PINS ALONG SIDE OF ASSEMBLY . . =     2
 PIN PITCH . . . . . . . . . . . . . . . . =   1.2599 CM
 THICKNESS OF WATER GAP INSIDE BOX WALL. . =   0.0000 CM
 THICKNESS OF BOX WALL . . . . . . . . . . =   0.0000 CM
 THICKNESS OF HALF OF THE WIDE   WATER GAP =   0.0000 CM
 THICKNESS OF HALF OF THE NARROW WATER GAP =   0.0000 CM
 SEGMENT WIDTH                             =   2.5197 CM
 CALCULATION ON OCTANT ASSEMBLY (ISYM=8)
 NUMBER OF MICRO GROUP SPECTRA CALCULATIONS=  2 (INCLUDING THE AVERAGE PIN CELL)
 NUMBER OF MACRO GROUP SPECTRA CALCULATIONS=  1

 BOUNDARY CONDITIONS IN 2D CALCULATION
   WEST:   MIRROR     SOUTH:  MIRROR    
   EAST:   MIRROR     NORTH:  MIRROR    

 LAYOUT OF MICRO GROUP SPECTRA CALCULATION NUMBERS
    1


 PIN NUMBERS (INPUT/INTERNAL) AND TYPES

    1


 NUMBER OF PIN TYPES (FULL ASSEMBLY):
       REGULAR FUEL PINS                         :    4

       TOTAL                                     :    4
1_______________________________________________________________________________________________________________________________
 * C A S M O - 4E 1.00.02 REV:00 CREATED:2012/05/08 **STUDSVIK** EXECUTED:2018/02/26 16:22:40 STATEPOINT =      1 PAGE =       5  
 * Four Factors
 * BURNUP =     0.000 V= 0.0  TF= 900.0  TM= 300.0  BOR=   0.0                                        

 PIN CELL  COMPOSITIONS        DENSITIES (G/CM3)      VOLUMES (CM2 PER CM AXIALLY)        OCCUPANCY     TOT VOLUME    GEOMETRY
        1  FUE  AIR  CAN       9.802   0.001   6.539  2.3915E-02  4.4694E-03  4.4279E-02     1.0        1.5873E+00    ROUND 
           COO  COO            0.997   0.997          5.0481E-01  1.0098E+00
1_______________________________________________________________________________________________________________________________
 * C A S M O - 4E 1.00.02 REV:00 CREATED:2012/05/08 **STUDSVIK** EXECUTED:2018/02/26 16:22:40 STATEPOINT =      1 PAGE =       6  
 * Four Factors
 * BURNUP =     0.000 V= 0.0  TF= 900.0  TM= 300.0  BOR=   0.0                                        

 MACRO REGION NUMBER MAP FOR PIN CELLS: 
 001

 MICRO REGION NUMBER MAP FOR PIN CELLS: 
    1-   5
1_______________________________________________________________________________________________________________________________
 * C A S M O - 4E 1.00.02 REV:00 CREATED:2012/05/08 **STUDSVIK** EXECUTED:2018/02/26 16:22:40 STATEPOINT =      1 PAGE =       7  
 * Four Factors
 * BURNUP =     0.000 V= 0.0  TF= 900.0  TM= 300.0  BOR=   0.0                                        


 FUEL LOADING                      (ADJUSTED FOR THERMAL EXPANSION)     (NOT ADJUSTED FOR THERMAL EXPANSION)
 ------------                                  (G/CM)     (LB/CM)               (G/CM)     (LB/CM)
 FUEL    MASS              :                9.3769E-01  2.0672E-03            9.4395E-01  2.0810E-03
 METAL   MASS              :                8.2658E-01  1.8223E-03            8.3210E-01  1.8344E-03
 FISSILE MASS              :                3.3063E-02  7.2891E-05            3.3284E-02  7.3378E-05


 HYDRAULIC AND OTHER SEGMENT DATA (ADJUSTED FOR THERMAL EXPANSION)  

    DENSITIES                                  (G/CM3)    (LB/FT3)  
    ------------
 AVERAGE FISSILE DENSITY   :                3.4563E-01  2.1578E+01
 BASE WATER DENSITY ( 0.10 MP  300.0 K):    9.9660E-01  6.2217E+01
 CHANNEL REL. WATER DENSITY:                1.0000E+00
 BYPASS  REL. WATER DENSITY:                1.0000E+00
 SEG.    REL. WATER DENSITY:                1.0000E+00

    DIMENSIONS                                    (CM)    (INCHES)
    ----------
 AVERAGE FUEL PELLET DIAM. :                1.7450E-01  6.8700E-02
 AVERAGE FUEL ROD DIAM.    :                3.0417E-01  1.1975E-01
 FUEL PIN PITCH            :                1.2599E+00  4.9601E-01
 CHANNEL INSIDE WIDTH      :                2.5199E+00  9.9209E-01
 BUNDLE PITCH              :                2.5199E+00  9.9209E-01
 HEATED PERIMETER          :                3.8223E+00  1.5048E+00
 WET PERIMETER             :                3.8223E+00  1.5048E+00
 HYDRAULIC DIAM. CHANNEL   :                6.3400E+00  2.4961E+00
                                                                      VOLUME FRACTIONS VS:
   FLOW AREAS                                    (CM2)       (FT2)    SEGMENT    FLOW AREA
   ----------
 CHANNEL FLOW AREA (COO)   :                6.0584E+00  6.5212E-03    0.95422      1.00000
 WATER ROD(S) FLOW AREA (MOD)         :     0.0000E+00  0.0000E+00    0.00000      0.00000
 TOTAL FLOW  AREA          :                6.0584E+00  6.5212E-03    0.95422      1.00000

   VOLUMES (PER CM AXIALLY)  
   -------
 FUEL PELLETS              :                9.5659E-02  1.0297E-04    0.01507      0.01579
 FUEL CLADDING             :                1.7712E-01  1.9065E-04    0.02790      0.02924
 TOTAL FLOW AREA           :                6.0584E+00  6.5212E-03    0.95422      1.00000
 OTHER COMPOSITIONS        :                1.7878E-02  1.9243E-05    0.00282      0.00295
 TOTAL SEGMENT             :                6.3490E+00  6.8341E-03    1.00000      1.04798
 WATER TO FUEL RATIO       :                6.3333E+01
1_______________________________________________________________________________________________________________________________
 * C A S M O - 4E 1.00.02 REV:00 CREATED:2012/05/08 **STUDSVIK** EXECUTED:2018/02/26 16:22:40 STATEPOINT =      1 PAGE =       8  
 * Four Factors
 * BURNUP =     0.000 V= 0.0  TF= 900.0  TM= 300.0  BOR=   0.0                                        

    MISCELLANEOUS OPTIONS   
 DANCOFF FACTORS ARE CALCULATED BY THE PROGRAM
 DANCOFF FACTORS: RATIO CHARACTERISTICS/FLURIG (GROUP INDEPENDENT)
 DEPLETION ACCORDING TO EXTENDED CHAINS
 FUND MODE WITH INPUT BUCKLING (IN CM-2) =  0.00000E+00
 CONSISTENT THERMAL D-COLLAPSE: ON
 DELAYED NEUTRON DATA: DEFAULT
 ADVANCED GD DEPLETION MODEL: ACTIVE
 POLAR ANGLE INTEGRATION: LEGENDRE
 PN SCATTERING ORDER:  0
 ASSEMBLY BULGE MODEL: OFF
 POWER DENSITY  IN W/gU      . . . . . . =  1.00000E-05
      -"-       IN KW/LITRE    . . . . . =  1.31072E-06
 THERMAL EXPANSION IS PERFORMED

        EDIT OPTIONS 
 NUMBER OF EDIT (AVE) REGIONS DEFINED     =  0

 DETECTOR  NUCLIDE   POSITION  TYPE
        1  U-235       CENTER  FISSION   
        2  Rh-103      CENTER  ABSORPTION
 NUMBER OF FUEL REACTION RATES . . . . .  =  0
 PRINT LIST OPTIONS  ( LST )  . . . . . . = 1 1 0 0

 *PUN*  ADDITIONAL OUTPUT TO THE CARD IMAGE FILE
 (10)=1 PINWISE EXPOSURE DISTRIBUTION (BLOCK EXP)

 QUARTER ASSEMBLY DATA ARE NOT EDITED
 NUMBER OF REACTION RATE NUCLIDES  . . .  =  4
 NO CALCULATION OF CROSS-SECTIONS
 NO.  NUCLIDE  TEMPERATURE (K)
   1  U-235          293.6
   2  Rh-103         293.6
   3  1/V AB         293.6
   4  B              293.6

 PARAMETERS FOR SIMULATE-3 ON SIM CARD
    SEGMENT TYPE NAME  . . . . =                                                                                
    WEIGHT PERCENT U-235 . . . =     4.000 (INITIAL HEAVY METAL)     4.000 (INITIAL TOTAL URANIUM)
    WEIGHT PERCENT OF BA . . . =     0.000
    PRESENT  NUMBER OF BA RODS =     0
    ORIGINAL NUMBER OF BA RODS =     0
    WEIGHT PERCENT OF PU . . . =     0.000 (INITIAL HEAVY METAL)
    WEIGHT PERCENT OF AM-241 . =     0.000 (INITIAL HEAVY METAL)
 RESTART FILE CREATED AT EXPOSURES LESS THAN OR EQUAL TO =  1000.000
 HIGHEST AND LOWEST ENERGY GROUP NUMBER IN FAST FLUENCE EDIT =   1   6
1_______________________________________________________________________________________________________________________________
 * C A S M O - 4E 1.00.02 REV:00 CREATED:2012/05/08 **STUDSVIK** EXECUTED:2018/02/26 16:22:40 STATEPOINT =      1 PAGE =       9  
 * Four Factors
 * BURNUP =     0.000 V= 0.0  TF= 900.0  TM= 300.0  BOR=   0.0                                        

 ENERGY GROUP STRUCTURES                                   BOUNDS
 - - - - - - - - - - - -                         - - - - - - - - - - - - - -
   MICRO   MACRO  EDIT-A  EDIT-B   2D  PDQ       UPPER      LOWER      WIDTH
   1-  1       1->     1       1    1    1    10.00000    6.06550    3.93450   MeV
   2-  2       2                               6.06550    3.67900    2.38650      
   3-  3       3                               3.67900    2.23100    1.44800      
   4-  4       4                               2.23100    1.35300    0.87800      
   5-  5       5                               1.35300    0.82100    0.53200      
   6-  6       6->             2    2        821.00000  500.00000  321.00000   keV
   7-  9       7                             500.00000  111.00000  389.00000      
  10- 14       8                             111.00000    9.11800  101.88200      
  15- 15       9                               9.11800    5.53000    3.58800      
  16- 21      10->             3    3          5.53000    0.14873    5.38127      
  22- 23      11                             148.73000   48.05200  100.67800    eV
  24- 24      12                              48.05200   27.70000   20.35200      
  25- 25      13                              27.70000   15.96800   11.73200      
  26- 26      14                              15.96800    9.87700    6.09100      
  27- 27      15                               9.87700    4.00000    5.87700      
  28- 28      16->                  4          4.00000    3.30000    0.70000      
  29- 29      17                               3.30000    2.60000    0.70000      
  30- 30      18                               2.60000    2.10000    0.50000      
  31- 31      19                               2.10000    1.85500    0.24500      
  32- 32      20                               1.85500    1.50000    0.35500      
  33- 33      21                               1.50000    1.30000    0.20000      
  34- 34      22                               1.30000    1.15000    0.15000      
  35- 36      23                               1.15000    1.09700    0.05300      
  37- 39      24                               1.09700    1.02000    0.07700      
  40- 41      25                               1.02000    0.97200    0.04800      
  42- 42      26                               0.97200    0.95000    0.02200      
  43- 44      27                               0.95000    0.85000    0.10000      
  45- 46      28                               0.85000    0.62500    0.22500      
  47- 49      29->     2       4    5    2     0.62500    0.35000    0.27500      
  50- 52      30                               0.35000    0.28000    0.07000      
  53- 54      31->                  6          0.28000    0.22000    0.06000      
  55- 55      32                               0.22000    0.18000    0.04000      
  56- 56      33                               0.18000    0.14000    0.04000      
  57- 57      34->                  7          0.14000    0.10000    0.04000      
  58- 58      35                               0.10000    0.08000    0.02000      
  59- 60      36                               0.08000    0.05800    0.02200      
  61- 62      37->                  8          0.05800    0.04200    0.01600      
  63- 64      38                               0.04200    0.03000    0.01200      
  65- 67      39                               0.03000    0.01500    0.01500      
  68- 70      40                               0.01500    0.00000    0.01500      

 ECHO OF ACCURACY AND ITERATION PARAMETERS INPUT  
 ***********************************************
 ITERATION PARAMETERS FOR MICRO AND MACRO =  1.00000E-04  5.00000E-05    1.30    1.30   200    25

 NUCLIDE NUMBER DENSITIES (IDENTICAL COMPOSITIONS ARE NOT REPEATED)
   (COMPOSITION NAME, MATERIAL NUMBER AND MACRO REGION NUMBER)
 FUE   1   1  U-235 = 8.85616E+20  U-234 = 7.11531E+18  U-238 = 2.09793E+22  O     = 4.37441E+22
 COO   4   1  H     = 6.66428E+22  O     = 3.33339E+22  B     = 0.00000E+00
 AIR   5   1  O     = 3.76622E+19
 CAN   6   1  Zr-2  = 4.33645E+22

 DANCOFF FACTOR MAP FOR RESONANCE GROUP 1
  0.978

 K-INF FROM THE MICRO GROUP CALCULATIONS = 0.55488 (AVERAGE PIN CELL)   
   (SPECTRA CALCULATION NUMBER 1- 1)     = 0.55353

 K-INF FROM THE MACRO GROUP CALCULATION  = 0.55353  TOTAL TIME OF MACRO GROUP SOLUTION =  0.00 CPU-SEC.   2 ITERS

                                              West  South  East North Inner  Box CR(NW) CR(SE)
 MICRO MESHES FOR THE GAP REGIONS   . . . =     0     0     0     0     0     0     0     0
 MICRO MESHES IN COO REGIONS (BA AND ABSORBER RODS) = 2
 MICRO MESHES IN COO REGIONS (REGULAR FUEL PINS   ) = 2

 ECHO OF ACCURACY AND ITERATION PARAMETERS INPUT  
 ***********************************************
 ITERATION PARAMETERS FOR 2D CALC. . .   =   100  1.00000E-05
1_______________________________________________________________________________________________________________________________
 * C A S M O - 4E 1.00.02 REV:00 CREATED:2012/05/08 **STUDSVIK** EXECUTED:2018/02/26 16:22:40 STATEPOINT =      1 PAGE =      10  
 * Four Factors
 * BURNUP =     0.000 V= 0.0  TF= 900.0  TM= 300.0  BOR=   0.0                                        

 C H A R A C T E R I S T I C S   S O L U T I O N --Statepoint:   1  Ave Exp:   0.000

   ITER   EIGEN  DEL PCM      CPU      EPS-2D    EPS-SOURCE    EPS-FLUX    CMCO-DEV
   ----   -----  -------      ---    --------    ----------    --------    --------
     1  0.46089              0.00    1.000000      1.000000    1.000000    1.000000
     2  0.55227   9138.2     0.00    0.010549      0.000291    0.000008    0.072709
     3  0.55592    364.9     0.00    0.000453      0.000034    0.000001    0.065029
     4  0.55576    -16.7     0.00    0.000078      0.000037    0.000001    0.002302
     5  0.55560    -16.1     0.00    0.000033      0.000020    0.000000    0.005104
     6  0.55555     -4.2     0.00    0.000040      0.000024    0.000000    0.000700
     7  0.55551     -4.6     0.00    0.000029      0.000018    0.000000    0.000131
     8  0.55553      2.3     0.00    0.000011      0.000006    0.000000    0.000184
     9  0.55553      0.1     0.00    0.000006      0.000003    0.000000    0.000000
    10  0.55554      1.2     0.00    0.000003      0.000001    0.000000    0.000008
    11  0.55555      0.2     0.00    0.000002      0.000001    0.000000    0.000004
 Total CPU (Sec)             0.00
 2D k-infinity:  0.555545
 ******************************************************
 * 40 GROUP FUNDAMENTAL MODE:                         *
 * K-INF:  0.555545   B2G: 0.0000000   M2:  29.725    *
 * K-EFF:  1.000000   B2G:-0.0149523   B2M:-0.0149523 *
 ******************************************************
1_______________________________________________________________________________________________________________________________
 * C A S M O - 4E 1.00.02 REV:00 CREATED:2012/05/08 **STUDSVIK** EXECUTED:2018/02/26 16:22:40 STATEPOINT =      1 PAGE =      11  
 * Four Factors
 * BURNUP=   0.000  V= 0.0  TF= 900.0  TM= 300.0  BOR=   0.0  EFPH=     0  ECH=   0.000                                       

          --------------------  C A S M O - 4     S U M M A R Y   ----------------------  
          BURNUP =    0.000 MWD/KG   K-INF =   0.55555   M2 =   29.72   B2 =  -1.495E-02
          ------------------------------------------------------------------------------  

  * POWER DISTRIBUTION    PEAK: LL = 1.000  (   0.0 W/CM),  HSF = 1.000  (    0.0 W/CM2)
  1.000*

  * TWO GROUP DATA                                    K-INF XE, NO XE  0.55540     0.55540
    DIFF1   , DIFF2         1.2838E+00   1.5780E-01   M2     ",  "     3.2221E+01  3.2221E+01
    ABS1    , ABS2          1.5260E-03   2.5365E-02   XE2  MIC, MAC    2.4269E+06  3.6566E-20
    NUFISS1 , NUFISS2       5.3770E-04   1.4252E-02   SM2    ",  "     5.6565E+04  8.5225E-22
    REMOV1  , NU            4.7851E-02   2.4392E+00   BOR1   ",  "     1.1826E+01  1.1285E-23
    KAPPA   , XE-YIELD      3.2416E-11   6.5410E-02   BOR2   ",  "     6.3276E+02  6.0379E-22

  * NEUTRON BALANCE            GROUP 1      GROUP 2        TOTAL
    FLUX  . . . . . . .     5.2186E+00   1.0855E+01   1.6073E+01
    ABSORPTION  . . . .     5.0561E-02   1.7480E+00   1.7986E+00
    FISSION . . . . . .     6.8907E-03   4.0308E-01   4.0997E-01
    NUFISSION . . . . .     1.7816E-02   9.8218E-01   1.0000E+00
    LEAKAGE . . . . . .    -6.3600E-01  -1.6261E-01  -7.9861E-01
    OUTSCATTER  . . . .     1.5924E+00   6.9382E-03   1.5993E+00
    K-INF  (2-GROUP). .     1.0890E-02   5.4451E-01   5.5540E-01
    ETA*F, P  . . . . .     3.5236E-01   5.6188E-01   9.6909E-01
    INV VELOCITY  . . .     7.0932E-08   3.7822E-06
    FLUX RATIO:[DET/CELL]   1.2504E+00   9.4877E-01

  * NEUTRON DETECTOR        3.6224E+14   GAMMA DET    0.0000E+00   PR LIFE TIME    2.6634E-04
    INTEGRATED ABS  . .     0.0000E+00   INT NUFISS   0.0000E+00   INT LEAKAGE     0.0000E+00
    FAST FLUENCE    . .     0.0000E+00   POWER (W/G)  1.0000E-05   NORM FACTOR     6.2197E+05
    CONV RATIO      . .     1.4249E-01   FISS/TOT U%  4.0000E+00   FISS/TOT PU%    0.0000E+00
    NEUT DET (ABS)  . .     2.9942E+09   GTIP(ABS)    0.0000E+00

  * NUCLIDE  WT(%) HM       CAPTURE      FISSION      INT CAPT      INT FISS           MWD/KG
    U-234     0.0320        6.6131E-04   5.9422E-06   0.0000E+00   0.0000E+00           0.000 FER
    U-235     4.0000        7.1034E-02   4.0757E-01   0.0000E+00   0.0000E+00           0.000 FIS
    U-236     0.0000        0.0000E+00   0.0000E+00   0.0000E+00   0.0000E+00           0.000
    U-238    95.9680        6.7535E-02   2.3951E-03   0.0000E+00   0.0000E+00           0.000 FER
    Pu-238    0.0000        0.0000E+00   0.0000E+00   0.0000E+00   0.0000E+00           0.000 FER
    Pu-239    0.0000        0.0000E+00   0.0000E+00   0.0000E+00   0.0000E+00           0.000 FIS
    Pu-240    0.0000        0.0000E+00   0.0000E+00   0.0000E+00   0.0000E+00           0.000 FER
    Pu-241    0.0000        0.0000E+00   0.0000E+00   0.0000E+00   0.0000E+00           0.000 FIS
    Pu-242    0.0000        0.0000E+00   0.0000E+00   0.0000E+00   0.0000E+00           0.000
    Am-241    0.0000        0.0000E+00   0.0000E+00   0.0000E+00   0.0000E+00           0.000
    TOT  U   100.000        1.3923E-01   4.0997E-01   0.0000E+00   0.0000E+00           0.000
    TOT PU     0.000        0.0000E+00   0.0000E+00   0.0000E+00   0.0000E+00           0.000
    SUM      100.000

  * NUCLIDE  WT(%) HM       CAPTURE      FISSION      INT CAPT      INT FISS           MWD/KG
    FISSILE    4.000        7.1034E-02   4.0757E-01   0.0000E+00   0.0000E+00           0.000
    FERTILE   96.000        6.8197E-02   2.4011E-03   0.0000E+00   0.0000E+00           0.000
    SUM      100.000

  * DELAYED NEUTRON DECAY   0.0127  0.0317  0.1163  0.3117  1.4003  3.8766              TOTAL
                 YIELD*E3   0.2599  1.4632  1.2956  2.8087  0.8939  0.1846             6.9059
       EFFECTIVE YIELD*E3   0.2592  1.4594  1.2923  2.8016  0.8916  0.1841             6.8882

1_______________________________________________________________________________________________________________________________
 * C A S M O - 4E 1.00.02 REV:00 CREATED:2012/05/08 **STUDSVIK** EXECUTED:2018/02/26 16:22:40 STATEPOINT =      2 PAGE =      12  
 * Four Factors
 * BURNUP =     0.000 V= 0.0  TF= 900.0  TM= 300.0  BOR=   0.0                                        
 END                         *End of input                                                                                 INPUT

 List of Errors/Warnings/Cautions/Notes Encountered
 Severity: (E):Error, (W):Warning, (C):Caution, (N):Note
 -------------------------------------------------------
 Routine   S  Text
 -------   -  ----
 CRDER1    W  TAB characters found on input line will be processed as blanks.
 EDTFTD    W  Non-default neutron data library is attached.

   ** C A S M O - 4E SUMMARY **

  Four Factors
   HVOI=  0.0 HTFU=  900.0 HTMO=  300.0 HTCO=  300.0 HBOR=    0.0
   NO VOID    TFU    TMO    TCO    BOR ROD   BURNUP   K-INF   K-INF     M2     PIN   U-235 FISS PU  TOT PU
                                             MWD/KG             TWO-GROUP     PEAK    WT %    WT %    WT %
    1  0.0  900.0  300.0  300.0    0.0        0.000 0.55555 0.55540  32.22   1.000   4.000   0.000   0.000  


 RUN TERMINATED.  2  WARNING(S) ENCOUNTERED
   0  FATAL ERROR(S),     1  WARNING(S)
   0  USAGE NOTE(S),      0  CAUTION(S)


                   Neutron Calculation                         
 Memory Use        Allocated       Used                         
 A Array            14000000    3589757
 B Array             4000000      16389
                    --------    -------
 Total Words        18000000    3606146
 Total Mwords           18.0        3.6
 Total Mbytes           72.0       14.4

 Run Started     (Date,Time):  2018/02/26   16:22:40  
 Run Completed   (Date,Time):  2018/02/26   16:22:41  
 Total Wall Time Used       :               00:00:01
 Total CPU  Time Used       :               00:00:00   CPU Utilization:    0%
 Files:
 Input                      :  input_11.txt
 Output                     :  ./input_11.txt.out
 Card Image                 :  ./input_11.txt.cax
 *********************************
 *  CASMO-4E NORMAL TERMINATION  *
 *     -WARNINGS ENCOUNTERED-    *
 *********************************
